07-10 18:34:35.791 train fine cities: ['train/aachen', 'train/bochum', 'train/bremen', 'train/cologne', 'train/darmstadt', 'train/dusseldorf', 'train/erfurt', 'train/hamburg', 'train/hanover', 'train/jena', 'train/krefeld', 'train/monchengladbach', 'train/strasbourg', 'train/stuttgart', 'train/tubingen', 'train/ulm', 'train/weimar', 'train/zurich']
07-10 18:34:35.799 Cityscapes-train: 2975 images
07-10 18:34:35.799 val fine cities: ['val/frankfurt', 'val/munster', 'val/lindau']
07-10 18:34:35.801 Cityscapes-val: 500 images
07-10 18:34:35.801 Using Per Image based weighted loss
07-10 18:34:35.801 Using Cross Entropy Loss
07-10 18:34:38.066 Model params = 137.3M
07-10 18:34:38.093 Loading weights from model /home/belaid.chaikhi/Bureau/GSCNN/checkpoints/best_cityscapes_checkpoint.pth
07-10 18:34:38.399 Load Compelete
07-10 18:34:39.729 validating: 1 / 500
07-10 18:34:42.408 validating: 21 / 500
07-10 18:34:45.108 validating: 41 / 500
07-10 18:34:47.771 validating: 61 / 500
07-10 18:34:50.443 validating: 81 / 500
07-10 18:34:53.182 validating: 101 / 500
07-10 18:34:55.902 validating: 121 / 500
07-10 18:34:58.565 validating: 141 / 500
07-10 18:35:01.245 validating: 161 / 500
07-10 18:35:03.928 validating: 181 / 500
07-10 18:35:06.605 validating: 201 / 500
07-10 18:35:09.285 validating: 221 / 500
07-10 18:35:11.972 validating: 241 / 500
07-10 18:35:14.646 validating: 261 / 500
07-10 18:35:17.335 validating: 281 / 500
07-10 18:35:20.011 validating: 301 / 500
07-10 18:35:22.732 validating: 321 / 500
07-10 18:35:25.404 validating: 341 / 500
07-10 18:35:28.084 validating: 361 / 500
07-10 18:35:30.777 validating: 381 / 500
07-10 18:35:33.486 validating: 401 / 500
07-10 18:35:36.170 validating: 421 / 500
07-10 18:35:38.868 validating: 441 / 500
07-10 18:35:41.593 validating: 461 / 500
07-10 18:35:44.272 validating: 481 / 500
07-10 18:35:46.838 IoU:
07-10 18:35:46.838 label_id      label    iU    Precision Recall TP     FP    FN
07-10 18:35:46.838  0                0   97.92   0.99      0.99  48.34    0.01    0.01
07-10 18:35:46.838  1                1   67.61   0.80      0.81   2.08    0.25    0.23
07-10 18:35:46.839  2                2   86.65   0.94      0.92  15.56    0.06    0.09
07-10 18:35:46.839  3                3   42.85   0.51      0.73   0.22    0.97    0.36
07-10 18:35:46.840  4                4   33.64   0.46      0.56   0.14    1.19    0.78
07-10 18:35:46.840  5                5   42.67   0.55      0.65   0.72    0.80    0.54
07-10 18:35:46.840  6                6   52.31   0.66      0.71   0.12    0.51    0.41
07-10 18:35:46.841  7                7   60.21   0.70      0.81   0.45    0.43    0.23
07-10 18:35:46.841  8                8   88.58   0.93      0.95  15.43    0.08    0.05
07-10 18:35:46.841  9                9   41.45   0.67      0.52   0.22    0.49    0.93
07-10 18:35:46.842 10               10   91.13   0.95      0.96   2.75    0.05    0.05
07-10 18:35:46.842 11               11   72.22   0.86      0.82   1.45    0.17    0.22
07-10 18:35:46.842 12               12   49.73   0.66      0.67   0.19    0.52    0.50
07-10 18:35:46.843 13               13   88.12   0.95      0.93   5.45    0.06    0.08
07-10 18:35:46.843 14               14   65.33   0.76      0.82   0.29    0.31    0.22
07-10 18:35:46.843 15               15   75.78   0.84      0.88   0.45    0.18    0.13
07-10 18:35:46.844 16               16   50.85   0.60      0.77   0.07    0.67    0.30
07-10 18:35:46.844 17               17   49.64   0.56      0.81   0.05    0.78    0.23
07-10 18:35:46.844 18               18   61.29   0.76      0.76   0.44    0.32    0.31
07-10 18:35:46.845 mean 0.6410338475859187
07-10 18:35:47.983 -----------------------------------------------------------------------------------------------------------
07-10 18:35:47.984 [epoch 1], [val loss 6.50241], [mask f1 0.00000], [acc 0.94438], [acc_cls 0.74503], [mean_iu 0.64103], [fwavacc 0.90157]
07-10 18:35:47.984 best record: [val loss 6.50241], [mask f1 0.00000], [acc 0.94438], [acc_cls 0.74503], [mean_iu 0.64103], [fwavacc 0.90157], [epoch 1], 
07-10 18:35:47.984 -----------------------------------------------------------------------------------------------------------
07-10 18:35:48.438 evaluating: 1 / 500
07-10 18:35:48.955 evaluating: 2 / 500
07-10 18:35:49.397 evaluating: 3 / 500
07-10 18:35:49.852 evaluating: 4 / 500
07-10 18:35:50.296 evaluating: 5 / 500
07-10 18:35:50.750 evaluating: 6 / 500
07-10 18:35:51.199 evaluating: 7 / 500
07-10 18:35:51.680 evaluating: 8 / 500
07-10 18:35:52.136 evaluating: 9 / 500
07-10 18:35:52.586 evaluating: 10 / 500
07-10 18:35:53.041 evaluating: 11 / 500
07-10 18:35:53.500 evaluating: 12 / 500
07-10 18:35:53.966 evaluating: 13 / 500
07-10 18:35:54.411 evaluating: 14 / 500
07-10 18:35:54.857 evaluating: 15 / 500
07-10 18:35:55.309 evaluating: 16 / 500
07-10 18:35:55.761 evaluating: 17 / 500
07-10 18:35:56.214 evaluating: 18 / 500
07-10 18:35:56.660 evaluating: 19 / 500
07-10 18:35:57.091 evaluating: 20 / 500
07-10 18:35:57.545 evaluating: 21 / 500
07-10 18:35:58.004 evaluating: 22 / 500
07-10 18:35:58.444 evaluating: 23 / 500
07-10 18:35:58.895 evaluating: 24 / 500
07-10 18:35:59.347 evaluating: 25 / 500
07-10 18:35:59.807 evaluating: 26 / 500
07-10 18:36:00.270 evaluating: 27 / 500
07-10 18:36:00.744 evaluating: 28 / 500
07-10 18:36:01.221 evaluating: 29 / 500
07-10 18:36:01.679 evaluating: 30 / 500
07-10 18:36:02.144 evaluating: 31 / 500
07-10 18:36:02.614 evaluating: 32 / 500
07-10 18:36:03.067 evaluating: 33 / 500
07-10 18:36:03.525 evaluating: 34 / 500
07-10 18:36:03.995 evaluating: 35 / 500
07-10 18:36:04.449 evaluating: 36 / 500
07-10 18:36:04.906 evaluating: 37 / 500
07-10 18:36:05.384 evaluating: 38 / 500
07-10 18:36:05.833 evaluating: 39 / 500
07-10 18:36:06.293 evaluating: 40 / 500
07-10 18:36:06.765 evaluating: 41 / 500
07-10 18:36:07.212 evaluating: 42 / 500
07-10 18:36:07.665 evaluating: 43 / 500
07-10 18:36:08.116 evaluating: 44 / 500
07-10 18:36:08.571 evaluating: 45 / 500
07-10 18:36:09.040 evaluating: 46 / 500
07-10 18:36:09.493 evaluating: 47 / 500
07-10 18:36:09.952 evaluating: 48 / 500
07-10 18:36:10.410 evaluating: 49 / 500
07-10 18:36:10.860 evaluating: 50 / 500
07-10 18:36:11.324 evaluating: 51 / 500
07-10 18:36:11.810 evaluating: 52 / 500
07-10 18:36:12.262 evaluating: 53 / 500
07-10 18:36:12.722 evaluating: 54 / 500
07-10 18:36:13.179 evaluating: 55 / 500
07-10 18:36:13.643 evaluating: 56 / 500
07-10 18:36:14.093 evaluating: 57 / 500
07-10 18:36:14.556 evaluating: 58 / 500
07-10 18:36:15.015 evaluating: 59 / 500
07-10 18:36:15.457 evaluating: 60 / 500
07-10 18:36:15.920 evaluating: 61 / 500
07-10 18:36:16.368 evaluating: 62 / 500
07-10 18:36:16.842 evaluating: 63 / 500
07-10 18:36:17.316 evaluating: 64 / 500
07-10 18:36:17.786 evaluating: 65 / 500
07-10 18:36:18.246 evaluating: 66 / 500
07-10 18:36:18.709 evaluating: 67 / 500
07-10 18:36:19.156 evaluating: 68 / 500
07-10 18:36:19.619 evaluating: 69 / 500
07-10 18:36:20.095 evaluating: 70 / 500
07-10 18:36:20.569 evaluating: 71 / 500
07-10 18:36:21.036 evaluating: 72 / 500
07-10 18:36:21.502 evaluating: 73 / 500
07-10 18:36:21.978 evaluating: 74 / 500
07-10 18:36:22.421 evaluating: 75 / 500
07-10 18:36:22.872 evaluating: 76 / 500
07-10 18:36:23.320 evaluating: 77 / 500
07-10 18:36:23.788 evaluating: 78 / 500
07-10 18:36:24.253 evaluating: 79 / 500
07-10 18:36:24.714 evaluating: 80 / 500
07-10 18:36:25.166 evaluating: 81 / 500
07-10 18:36:25.633 evaluating: 82 / 500
07-10 18:36:26.090 evaluating: 83 / 500
07-10 18:36:26.548 evaluating: 84 / 500
07-10 18:36:27.007 evaluating: 85 / 500
07-10 18:36:27.447 evaluating: 86 / 500
07-10 18:36:27.906 evaluating: 87 / 500
07-10 18:36:28.370 evaluating: 88 / 500
07-10 18:36:28.836 evaluating: 89 / 500
07-10 18:36:29.358 evaluating: 90 / 500
07-10 18:36:29.820 evaluating: 91 / 500
07-10 18:36:30.275 evaluating: 92 / 500
07-10 18:36:30.737 evaluating: 93 / 500
07-10 18:36:31.199 evaluating: 94 / 500
07-10 18:36:31.661 evaluating: 95 / 500
07-10 18:36:32.118 evaluating: 96 / 500
07-10 18:36:32.565 evaluating: 97 / 500
07-10 18:36:33.017 evaluating: 98 / 500
07-10 18:36:33.469 evaluating: 99 / 500
07-10 18:36:33.925 evaluating: 100 / 500
07-10 18:36:34.367 evaluating: 101 / 500
07-10 18:36:34.822 evaluating: 102 / 500
07-10 18:36:35.257 evaluating: 103 / 500
07-10 18:36:35.710 evaluating: 104 / 500
07-10 18:36:36.162 evaluating: 105 / 500
07-10 18:36:36.613 evaluating: 106 / 500
07-10 18:36:37.066 evaluating: 107 / 500
07-10 18:36:37.525 evaluating: 108 / 500
07-10 18:36:37.984 evaluating: 109 / 500
07-10 18:36:38.453 evaluating: 110 / 500
07-10 18:36:38.912 evaluating: 111 / 500
07-10 18:36:39.369 evaluating: 112 / 500
07-10 18:36:39.835 evaluating: 113 / 500
07-10 18:36:40.298 evaluating: 114 / 500
07-10 18:36:40.769 evaluating: 115 / 500
07-10 18:36:41.238 evaluating: 116 / 500
07-10 18:36:41.700 evaluating: 117 / 500
07-10 18:36:42.154 evaluating: 118 / 500
07-10 18:36:42.591 evaluating: 119 / 500
07-10 18:36:43.039 evaluating: 120 / 500
07-10 18:36:43.490 evaluating: 121 / 500
07-10 18:36:43.953 evaluating: 122 / 500
07-10 18:36:44.415 evaluating: 123 / 500
07-10 18:36:44.878 evaluating: 124 / 500
07-10 18:36:45.340 evaluating: 125 / 500
07-10 18:36:45.786 evaluating: 126 / 500
07-10 18:36:46.231 evaluating: 127 / 500
07-10 18:36:46.682 evaluating: 128 / 500
07-10 18:36:47.146 evaluating: 129 / 500
07-10 18:36:47.592 evaluating: 130 / 500
07-10 18:36:48.038 evaluating: 131 / 500
07-10 18:36:48.493 evaluating: 132 / 500
07-10 18:36:48.941 evaluating: 133 / 500
07-10 18:36:49.383 evaluating: 134 / 500
07-10 18:36:49.849 evaluating: 135 / 500
07-10 18:36:50.299 evaluating: 136 / 500
07-10 18:36:50.759 evaluating: 137 / 500
07-10 18:36:51.212 evaluating: 138 / 500
07-10 18:36:51.670 evaluating: 139 / 500
07-10 18:36:52.123 evaluating: 140 / 500
07-10 18:36:52.576 evaluating: 141 / 500
07-10 18:36:53.049 evaluating: 142 / 500
07-10 18:36:53.518 evaluating: 143 / 500
07-10 18:36:53.973 evaluating: 144 / 500
07-10 18:36:54.429 evaluating: 145 / 500
07-10 18:36:54.882 evaluating: 146 / 500
07-10 18:36:55.365 evaluating: 147 / 500
07-10 18:36:55.818 evaluating: 148 / 500
07-10 18:36:56.269 evaluating: 149 / 500
07-10 18:36:56.720 evaluating: 150 / 500
07-10 18:36:57.185 evaluating: 151 / 500
07-10 18:36:57.647 evaluating: 152 / 500
07-10 18:36:58.091 evaluating: 153 / 500
07-10 18:36:58.549 evaluating: 154 / 500
07-10 18:36:58.992 evaluating: 155 / 500
07-10 18:36:59.453 evaluating: 156 / 500
07-10 18:36:59.903 evaluating: 157 / 500
07-10 18:37:00.334 evaluating: 158 / 500
07-10 18:37:00.802 evaluating: 159 / 500
07-10 18:37:01.262 evaluating: 160 / 500
07-10 18:37:01.728 evaluating: 161 / 500
07-10 18:37:02.195 evaluating: 162 / 500
07-10 18:37:02.643 evaluating: 163 / 500
07-10 18:37:03.098 evaluating: 164 / 500
07-10 18:37:03.543 evaluating: 165 / 500
07-10 18:37:04.006 evaluating: 166 / 500
07-10 18:37:04.465 evaluating: 167 / 500
07-10 18:37:04.925 evaluating: 168 / 500
07-10 18:37:05.379 evaluating: 169 / 500
07-10 18:37:05.828 evaluating: 170 / 500
07-10 18:37:06.275 evaluating: 171 / 500
07-10 18:37:06.725 evaluating: 172 / 500
07-10 18:37:07.175 evaluating: 173 / 500
07-10 18:37:07.613 evaluating: 174 / 500
07-10 18:37:08.056 evaluating: 175 / 500
07-10 18:37:08.511 evaluating: 176 / 500
07-10 18:37:08.952 evaluating: 177 / 500
07-10 18:37:09.412 evaluating: 178 / 500
07-10 18:37:09.871 evaluating: 179 / 500
07-10 18:37:10.313 evaluating: 180 / 500
07-10 18:37:10.767 evaluating: 181 / 500
07-10 18:37:11.226 evaluating: 182 / 500
07-10 18:37:11.688 evaluating: 183 / 500
07-10 18:37:12.146 evaluating: 184 / 500
07-10 18:37:12.594 evaluating: 185 / 500
07-10 18:37:13.051 evaluating: 186 / 500
07-10 18:37:13.496 evaluating: 187 / 500
07-10 18:37:13.955 evaluating: 188 / 500
07-10 18:37:14.408 evaluating: 189 / 500
07-10 18:37:14.846 evaluating: 190 / 500
07-10 18:37:15.318 evaluating: 191 / 500
07-10 18:37:15.781 evaluating: 192 / 500
07-10 18:37:16.236 evaluating: 193 / 500
07-10 18:37:16.700 evaluating: 194 / 500
07-10 18:37:17.183 evaluating: 195 / 500
07-10 18:37:17.643 evaluating: 196 / 500
07-10 18:37:18.100 evaluating: 197 / 500
07-10 18:37:18.546 evaluating: 198 / 500
07-10 18:37:19.009 evaluating: 199 / 500
07-10 18:37:19.462 evaluating: 200 / 500
07-10 18:37:19.928 evaluating: 201 / 500
07-10 18:37:20.378 evaluating: 202 / 500
07-10 18:37:20.838 evaluating: 203 / 500
07-10 18:37:21.290 evaluating: 204 / 500
07-10 18:37:21.742 evaluating: 205 / 500
07-10 18:37:22.188 evaluating: 206 / 500
07-10 18:37:22.642 evaluating: 207 / 500
07-10 18:37:23.094 evaluating: 208 / 500
07-10 18:37:23.545 evaluating: 209 / 500
07-10 18:37:24.020 evaluating: 210 / 500
07-10 18:37:24.488 evaluating: 211 / 500
07-10 18:37:24.936 evaluating: 212 / 500
07-10 18:37:25.393 evaluating: 213 / 500
07-10 18:37:25.843 evaluating: 214 / 500
07-10 18:37:26.296 evaluating: 215 / 500
07-10 18:37:26.738 evaluating: 216 / 500
07-10 18:37:27.218 evaluating: 217 / 500
07-10 18:37:27.665 evaluating: 218 / 500
07-10 18:37:28.123 evaluating: 219 / 500
07-10 18:37:28.590 evaluating: 220 / 500
07-10 18:37:29.047 evaluating: 221 / 500
07-10 18:37:29.500 evaluating: 222 / 500
07-10 18:37:29.958 evaluating: 223 / 500
07-10 18:37:30.414 evaluating: 224 / 500
07-10 18:37:30.868 evaluating: 225 / 500
07-10 18:37:31.324 evaluating: 226 / 500
07-10 18:37:31.779 evaluating: 227 / 500
07-10 18:37:32.222 evaluating: 228 / 500
07-10 18:37:32.688 evaluating: 229 / 500
07-10 18:37:33.139 evaluating: 230 / 500
07-10 18:37:33.633 evaluating: 231 / 500
07-10 18:37:34.092 evaluating: 232 / 500
07-10 18:37:34.558 evaluating: 233 / 500
07-10 18:37:35.001 evaluating: 234 / 500
07-10 18:37:35.452 evaluating: 235 / 500
07-10 18:37:35.922 evaluating: 236 / 500
07-10 18:37:36.375 evaluating: 237 / 500
07-10 18:37:36.849 evaluating: 238 / 500
07-10 18:37:37.298 evaluating: 239 / 500
07-10 18:37:37.735 evaluating: 240 / 500
07-10 18:37:38.189 evaluating: 241 / 500
07-10 18:37:38.638 evaluating: 242 / 500
07-10 18:37:39.089 evaluating: 243 / 500
07-10 18:37:39.531 evaluating: 244 / 500
07-10 18:37:39.985 evaluating: 245 / 500
07-10 18:37:40.441 evaluating: 246 / 500
07-10 18:37:40.926 evaluating: 247 / 500
07-10 18:37:41.409 evaluating: 248 / 500
07-10 18:37:41.864 evaluating: 249 / 500
07-10 18:37:42.320 evaluating: 250 / 500
07-10 18:37:42.778 evaluating: 251 / 500
07-10 18:37:43.233 evaluating: 252 / 500
07-10 18:37:43.693 evaluating: 253 / 500
07-10 18:37:44.142 evaluating: 254 / 500
07-10 18:37:44.591 evaluating: 255 / 500
07-10 18:37:45.033 evaluating: 256 / 500
07-10 18:37:45.489 evaluating: 257 / 500
07-10 18:37:45.938 evaluating: 258 / 500
07-10 18:37:46.385 evaluating: 259 / 500
07-10 18:37:46.840 evaluating: 260 / 500
07-10 18:37:47.300 evaluating: 261 / 500
07-10 18:37:47.767 evaluating: 262 / 500
07-10 18:37:48.248 evaluating: 263 / 500
07-10 18:37:48.738 evaluating: 264 / 500
07-10 18:37:49.191 evaluating: 265 / 500
07-10 18:37:49.653 evaluating: 266 / 500
07-10 18:37:50.118 evaluating: 267 / 500
07-10 18:37:50.592 evaluating: 268 / 500
07-10 18:37:51.052 evaluating: 269 / 500
07-10 18:37:51.544 evaluating: 270 / 500
07-10 18:37:52.001 evaluating: 271 / 500
07-10 18:37:52.459 evaluating: 272 / 500
07-10 18:37:52.916 evaluating: 273 / 500
07-10 18:37:53.387 evaluating: 274 / 500
07-10 18:37:53.827 evaluating: 275 / 500
07-10 18:37:54.281 evaluating: 276 / 500
07-10 18:37:54.722 evaluating: 277 / 500
07-10 18:37:55.172 evaluating: 278 / 500
07-10 18:37:55.637 evaluating: 279 / 500
07-10 18:37:56.097 evaluating: 280 / 500
07-10 18:37:56.560 evaluating: 281 / 500
07-10 18:37:57.016 evaluating: 282 / 500
07-10 18:37:57.472 evaluating: 283 / 500
07-10 18:37:57.908 evaluating: 284 / 500
07-10 18:37:58.362 evaluating: 285 / 500
07-10 18:37:58.790 evaluating: 286 / 500
07-10 18:37:59.240 evaluating: 287 / 500
07-10 18:37:59.680 evaluating: 288 / 500
07-10 18:38:00.123 evaluating: 289 / 500
07-10 18:38:00.559 evaluating: 290 / 500
07-10 18:38:01.010 evaluating: 291 / 500
07-10 18:38:01.474 evaluating: 292 / 500
07-10 18:38:01.929 evaluating: 293 / 500
07-10 18:38:02.383 evaluating: 294 / 500
07-10 18:38:02.842 evaluating: 295 / 500
07-10 18:38:03.292 evaluating: 296 / 500
07-10 18:38:03.742 evaluating: 297 / 500
07-10 18:38:04.194 evaluating: 298 / 500
07-10 18:38:04.665 evaluating: 299 / 500
07-10 18:38:05.128 evaluating: 300 / 500
07-10 18:38:05.605 evaluating: 301 / 500
07-10 18:38:06.086 evaluating: 302 / 500
07-10 18:38:06.546 evaluating: 303 / 500
07-10 18:38:07.000 evaluating: 304 / 500
07-10 18:38:07.446 evaluating: 305 / 500
07-10 18:38:07.914 evaluating: 306 / 500
07-10 18:38:08.369 evaluating: 307 / 500
07-10 18:38:08.834 evaluating: 308 / 500
07-10 18:38:09.277 evaluating: 309 / 500
07-10 18:38:09.739 evaluating: 310 / 500
07-10 18:38:10.194 evaluating: 311 / 500
07-10 18:38:10.677 evaluating: 312 / 500
07-10 18:38:11.134 evaluating: 313 / 500
07-10 18:38:11.601 evaluating: 314 / 500
07-10 18:38:12.043 evaluating: 315 / 500
07-10 18:38:12.488 evaluating: 316 / 500
07-10 18:38:12.940 evaluating: 317 / 500
07-10 18:38:13.385 evaluating: 318 / 500
07-10 18:38:13.832 evaluating: 319 / 500
07-10 18:38:14.290 evaluating: 320 / 500
07-10 18:38:14.754 evaluating: 321 / 500
07-10 18:38:15.209 evaluating: 322 / 500
07-10 18:38:15.668 evaluating: 323 / 500
07-10 18:38:16.109 evaluating: 324 / 500
07-10 18:38:16.570 evaluating: 325 / 500
07-10 18:38:17.034 evaluating: 326 / 500
07-10 18:38:17.497 evaluating: 327 / 500
07-10 18:38:17.960 evaluating: 328 / 500
07-10 18:38:18.415 evaluating: 329 / 500
07-10 18:38:18.876 evaluating: 330 / 500
07-10 18:38:19.331 evaluating: 331 / 500
07-10 18:38:19.793 evaluating: 332 / 500
07-10 18:38:20.254 evaluating: 333 / 500
07-10 18:38:20.729 evaluating: 334 / 500
07-10 18:38:21.201 evaluating: 335 / 500
07-10 18:38:21.655 evaluating: 336 / 500
07-10 18:38:22.151 evaluating: 337 / 500
07-10 18:38:22.619 evaluating: 338 / 500
07-10 18:38:23.080 evaluating: 339 / 500
07-10 18:38:23.535 evaluating: 340 / 500
07-10 18:38:24.031 evaluating: 341 / 500
07-10 18:38:24.485 evaluating: 342 / 500
07-10 18:38:24.943 evaluating: 343 / 500
07-10 18:38:25.395 evaluating: 344 / 500
07-10 18:38:25.855 evaluating: 345 / 500
07-10 18:38:26.304 evaluating: 346 / 500
07-10 18:38:26.769 evaluating: 347 / 500
07-10 18:38:27.233 evaluating: 348 / 500
07-10 18:38:27.689 evaluating: 349 / 500
07-10 18:38:28.142 evaluating: 350 / 500
07-10 18:38:28.588 evaluating: 351 / 500
07-10 18:38:29.032 evaluating: 352 / 500
07-10 18:38:29.550 evaluating: 353 / 500
07-10 18:38:30.006 evaluating: 354 / 500
07-10 18:38:30.463 evaluating: 355 / 500
07-10 18:38:30.914 evaluating: 356 / 500
07-10 18:38:31.377 evaluating: 357 / 500
07-10 18:38:31.827 evaluating: 358 / 500
07-10 18:38:32.286 evaluating: 359 / 500
07-10 18:38:32.736 evaluating: 360 / 500
07-10 18:38:33.186 evaluating: 361 / 500
07-10 18:38:33.653 evaluating: 362 / 500
07-10 18:38:34.123 evaluating: 363 / 500
07-10 18:38:34.585 evaluating: 364 / 500
07-10 18:38:35.041 evaluating: 365 / 500
07-10 18:38:35.498 evaluating: 366 / 500
07-10 18:38:35.955 evaluating: 367 / 500
07-10 18:38:36.406 evaluating: 368 / 500
07-10 18:38:36.870 evaluating: 369 / 500
07-10 18:38:37.329 evaluating: 370 / 500
07-10 18:38:37.772 evaluating: 371 / 500
07-10 18:38:38.225 evaluating: 372 / 500
07-10 18:38:38.681 evaluating: 373 / 500
07-10 18:38:39.146 evaluating: 374 / 500
07-10 18:38:39.622 evaluating: 375 / 500
07-10 18:38:40.093 evaluating: 376 / 500
07-10 18:38:40.553 evaluating: 377 / 500
07-10 18:38:41.014 evaluating: 378 / 500
07-10 18:38:41.535 evaluating: 379 / 500
07-10 18:38:42.014 evaluating: 380 / 500
07-10 18:38:42.460 evaluating: 381 / 500
07-10 18:38:42.925 evaluating: 382 / 500
07-10 18:38:43.378 evaluating: 383 / 500
07-10 18:38:43.827 evaluating: 384 / 500
07-10 18:38:44.285 evaluating: 385 / 500
07-10 18:38:44.757 evaluating: 386 / 500
07-10 18:38:45.223 evaluating: 387 / 500
07-10 18:38:45.673 evaluating: 388 / 500
07-10 18:38:46.133 evaluating: 389 / 500
07-10 18:38:46.597 evaluating: 390 / 500
07-10 18:38:47.070 evaluating: 391 / 500
07-10 18:38:47.522 evaluating: 392 / 500
07-10 18:38:47.987 evaluating: 393 / 500
07-10 18:38:48.481 evaluating: 394 / 500
07-10 18:38:48.940 evaluating: 395 / 500
07-10 18:38:49.409 evaluating: 396 / 500
07-10 18:38:49.866 evaluating: 397 / 500
07-10 18:38:50.320 evaluating: 398 / 500
07-10 18:38:50.789 evaluating: 399 / 500
07-10 18:38:51.246 evaluating: 400 / 500
07-10 18:38:51.702 evaluating: 401 / 500
07-10 18:38:52.159 evaluating: 402 / 500
07-10 18:38:52.635 evaluating: 403 / 500
07-10 18:38:53.107 evaluating: 404 / 500
07-10 18:38:53.588 evaluating: 405 / 500
07-10 18:38:54.073 evaluating: 406 / 500
07-10 18:38:54.536 evaluating: 407 / 500
07-10 18:38:54.986 evaluating: 408 / 500
07-10 18:38:55.450 evaluating: 409 / 500
07-10 18:38:55.917 evaluating: 410 / 500
07-10 18:38:56.373 evaluating: 411 / 500
07-10 18:38:56.844 evaluating: 412 / 500
07-10 18:38:57.301 evaluating: 413 / 500
07-10 18:38:57.763 evaluating: 414 / 500
07-10 18:38:58.212 evaluating: 415 / 500
07-10 18:38:58.681 evaluating: 416 / 500
07-10 18:38:59.134 evaluating: 417 / 500
07-10 18:38:59.587 evaluating: 418 / 500
07-10 18:39:00.043 evaluating: 419 / 500
07-10 18:39:00.502 evaluating: 420 / 500
07-10 18:39:00.957 evaluating: 421 / 500
07-10 18:39:01.418 evaluating: 422 / 500
07-10 18:39:01.877 evaluating: 423 / 500
07-10 18:39:02.335 evaluating: 424 / 500
07-10 18:39:02.796 evaluating: 425 / 500
07-10 18:39:03.260 evaluating: 426 / 500
07-10 18:39:03.716 evaluating: 427 / 500
07-10 18:39:04.175 evaluating: 428 / 500
07-10 18:39:04.625 evaluating: 429 / 500
07-10 18:39:05.087 evaluating: 430 / 500
07-10 18:39:05.548 evaluating: 431 / 500
07-10 18:39:06.015 evaluating: 432 / 500
07-10 18:39:06.475 evaluating: 433 / 500
07-10 18:39:06.947 evaluating: 434 / 500
07-10 18:39:07.394 evaluating: 435 / 500
07-10 18:39:07.846 evaluating: 436 / 500
07-10 18:39:08.325 evaluating: 437 / 500
07-10 18:39:08.792 evaluating: 438 / 500
07-10 18:39:09.251 evaluating: 439 / 500
07-10 18:39:09.684 evaluating: 440 / 500
07-10 18:39:10.156 evaluating: 441 / 500
07-10 18:39:10.614 evaluating: 442 / 500
07-10 18:39:11.080 evaluating: 443 / 500
07-10 18:39:11.562 evaluating: 444 / 500
07-10 18:39:12.032 evaluating: 445 / 500
07-10 18:39:12.510 evaluating: 446 / 500
07-10 18:39:12.973 evaluating: 447 / 500
07-10 18:39:13.437 evaluating: 448 / 500
07-10 18:39:13.898 evaluating: 449 / 500
07-10 18:39:14.363 evaluating: 450 / 500
07-10 18:39:14.821 evaluating: 451 / 500
07-10 18:39:15.273 evaluating: 452 / 500
07-10 18:39:15.726 evaluating: 453 / 500
07-10 18:39:16.202 evaluating: 454 / 500
07-10 18:39:16.679 evaluating: 455 / 500
07-10 18:39:17.139 evaluating: 456 / 500
07-10 18:39:17.630 evaluating: 457 / 500
07-10 18:39:18.108 evaluating: 458 / 500
07-10 18:39:18.568 evaluating: 459 / 500
07-10 18:39:19.029 evaluating: 460 / 500
07-10 18:39:19.479 evaluating: 461 / 500
07-10 18:39:19.935 evaluating: 462 / 500
07-10 18:39:20.383 evaluating: 463 / 500
07-10 18:39:20.838 evaluating: 464 / 500
07-10 18:39:21.293 evaluating: 465 / 500
07-10 18:39:21.744 evaluating: 466 / 500
07-10 18:39:22.186 evaluating: 467 / 500
07-10 18:39:22.658 evaluating: 468 / 500
07-10 18:39:23.127 evaluating: 469 / 500
07-10 18:39:23.574 evaluating: 470 / 500
07-10 18:39:24.045 evaluating: 471 / 500
07-10 18:39:24.503 evaluating: 472 / 500
07-10 18:39:24.964 evaluating: 473 / 500
07-10 18:39:25.410 evaluating: 474 / 500
07-10 18:39:25.879 evaluating: 475 / 500
07-10 18:39:26.378 evaluating: 476 / 500
07-10 18:39:26.834 evaluating: 477 / 500
07-10 18:39:27.300 evaluating: 478 / 500
07-10 18:39:27.765 evaluating: 479 / 500
07-10 18:39:28.221 evaluating: 480 / 500
07-10 18:39:28.735 evaluating: 481 / 500
07-10 18:39:29.198 evaluating: 482 / 500
07-10 18:39:29.654 evaluating: 483 / 500
07-10 18:39:30.112 evaluating: 484 / 500
07-10 18:39:30.574 evaluating: 485 / 500
07-10 18:39:31.045 evaluating: 486 / 500
07-10 18:39:31.517 evaluating: 487 / 500
07-10 18:39:31.999 evaluating: 488 / 500
07-10 18:39:32.444 evaluating: 489 / 500
07-10 18:39:32.898 evaluating: 490 / 500
07-10 18:39:33.351 evaluating: 491 / 500
07-10 18:39:33.805 evaluating: 492 / 500
07-10 18:39:34.251 evaluating: 493 / 500
07-10 18:39:34.719 evaluating: 494 / 500
07-10 18:39:35.181 evaluating: 495 / 500
07-10 18:39:35.635 evaluating: 496 / 500
07-10 18:39:36.095 evaluating: 497 / 500
07-10 18:39:36.560 evaluating: 498 / 500
07-10 18:39:37.017 evaluating: 499 / 500
07-10 18:39:37.467 evaluating: 500 / 500
07-10 18:39:37.829 Threshold: 0.0005
07-10 18:39:37.830 F_Score: 0.6628622183948207
07-10 18:39:37.830 F_Score (Classwise): [0.69189807 0.48757293 0.53315115 0.69099894 0.66811858 0.53297464
 0.62106767 0.47821388 0.58621305 0.62608752 0.76864272 0.49152724
 0.65805714 0.65862342 0.83312884 0.87821532 0.94995055 0.86376708
 0.57617341]
07-10 18:39:38.196 evaluating: 1 / 500
07-10 18:39:38.659 evaluating: 2 / 500
07-10 18:39:39.110 evaluating: 3 / 500
07-10 18:39:39.581 evaluating: 4 / 500
07-10 18:39:40.035 evaluating: 5 / 500
07-10 18:39:40.507 evaluating: 6 / 500
07-10 18:39:40.979 evaluating: 7 / 500
07-10 18:39:41.508 evaluating: 8 / 500
07-10 18:39:41.988 evaluating: 9 / 500
07-10 18:39:42.450 evaluating: 10 / 500
07-10 18:39:42.907 evaluating: 11 / 500
07-10 18:39:43.371 evaluating: 12 / 500
07-10 18:39:43.832 evaluating: 13 / 500
07-10 18:39:44.288 evaluating: 14 / 500
07-10 18:39:44.737 evaluating: 15 / 500
07-10 18:39:45.204 evaluating: 16 / 500
07-10 18:39:45.678 evaluating: 17 / 500
07-10 18:39:46.144 evaluating: 18 / 500
07-10 18:39:46.596 evaluating: 19 / 500
07-10 18:39:47.024 evaluating: 20 / 500
07-10 18:39:47.493 evaluating: 21 / 500
07-10 18:39:47.949 evaluating: 22 / 500
07-10 18:39:48.411 evaluating: 23 / 500
07-10 18:39:48.866 evaluating: 24 / 500
07-10 18:39:49.296 evaluating: 25 / 500
07-10 18:39:49.757 evaluating: 26 / 500
07-10 18:39:50.209 evaluating: 27 / 500
07-10 18:39:50.675 evaluating: 28 / 500
07-10 18:39:51.138 evaluating: 29 / 500
07-10 18:39:51.595 evaluating: 30 / 500
07-10 18:39:52.063 evaluating: 31 / 500
07-10 18:39:52.513 evaluating: 32 / 500
07-10 18:39:52.956 evaluating: 33 / 500
07-10 18:39:53.422 evaluating: 34 / 500
07-10 18:39:53.903 evaluating: 35 / 500
07-10 18:39:54.345 evaluating: 36 / 500
07-10 18:39:54.806 evaluating: 37 / 500
07-10 18:39:55.274 evaluating: 38 / 500
07-10 18:39:55.739 evaluating: 39 / 500
07-10 18:39:56.200 evaluating: 40 / 500
07-10 18:39:56.669 evaluating: 41 / 500
07-10 18:39:57.125 evaluating: 42 / 500
07-10 18:39:57.576 evaluating: 43 / 500
07-10 18:39:58.036 evaluating: 44 / 500
07-10 18:39:58.497 evaluating: 45 / 500
07-10 18:39:58.948 evaluating: 46 / 500
07-10 18:39:59.408 evaluating: 47 / 500
07-10 18:39:59.858 evaluating: 48 / 500
07-10 18:40:00.338 evaluating: 49 / 500
07-10 18:40:00.799 evaluating: 50 / 500
07-10 18:40:01.263 evaluating: 51 / 500
07-10 18:40:01.717 evaluating: 52 / 500
07-10 18:40:02.172 evaluating: 53 / 500
07-10 18:40:02.630 evaluating: 54 / 500
07-10 18:40:03.071 evaluating: 55 / 500
07-10 18:40:03.522 evaluating: 56 / 500
07-10 18:40:03.987 evaluating: 57 / 500
07-10 18:40:04.460 evaluating: 58 / 500
07-10 18:40:04.945 evaluating: 59 / 500
07-10 18:40:05.425 evaluating: 60 / 500
07-10 18:40:05.895 evaluating: 61 / 500
07-10 18:40:06.359 evaluating: 62 / 500
07-10 18:40:06.814 evaluating: 63 / 500
07-10 18:40:07.291 evaluating: 64 / 500
07-10 18:40:07.758 evaluating: 65 / 500
07-10 18:40:08.227 evaluating: 66 / 500
07-10 18:40:08.669 evaluating: 67 / 500
07-10 18:40:09.138 evaluating: 68 / 500
07-10 18:40:09.642 evaluating: 69 / 500
07-10 18:40:10.098 evaluating: 70 / 500
07-10 18:40:10.569 evaluating: 71 / 500
07-10 18:40:11.019 evaluating: 72 / 500
07-10 18:40:11.486 evaluating: 73 / 500
07-10 18:40:11.928 evaluating: 74 / 500
07-10 18:40:12.382 evaluating: 75 / 500
07-10 18:40:12.842 evaluating: 76 / 500
07-10 18:40:13.300 evaluating: 77 / 500
07-10 18:40:13.753 evaluating: 78 / 500
07-10 18:40:14.232 evaluating: 79 / 500
07-10 18:40:14.679 evaluating: 80 / 500
07-10 18:40:15.146 evaluating: 81 / 500
07-10 18:40:15.600 evaluating: 82 / 500
07-10 18:40:16.068 evaluating: 83 / 500
07-10 18:40:16.529 evaluating: 84 / 500
07-10 18:40:16.987 evaluating: 85 / 500
07-10 18:40:17.459 evaluating: 86 / 500
07-10 18:40:17.902 evaluating: 87 / 500
07-10 18:40:18.367 evaluating: 88 / 500
07-10 18:40:18.829 evaluating: 89 / 500
07-10 18:40:19.282 evaluating: 90 / 500
07-10 18:40:19.732 evaluating: 91 / 500
07-10 18:40:20.185 evaluating: 92 / 500
07-10 18:40:20.650 evaluating: 93 / 500
07-10 18:40:21.107 evaluating: 94 / 500
07-10 18:40:21.593 evaluating: 95 / 500
07-10 18:40:22.064 evaluating: 96 / 500
07-10 18:40:22.525 evaluating: 97 / 500
07-10 18:40:22.987 evaluating: 98 / 500
07-10 18:40:23.442 evaluating: 99 / 500
07-10 18:40:23.917 evaluating: 100 / 500
07-10 18:40:24.373 evaluating: 101 / 500
07-10 18:40:24.817 evaluating: 102 / 500
07-10 18:40:25.266 evaluating: 103 / 500
07-10 18:40:25.728 evaluating: 104 / 500
07-10 18:40:26.175 evaluating: 105 / 500
07-10 18:40:26.636 evaluating: 106 / 500
07-10 18:40:27.108 evaluating: 107 / 500
07-10 18:40:27.611 evaluating: 108 / 500
07-10 18:40:28.068 evaluating: 109 / 500
07-10 18:40:28.532 evaluating: 110 / 500
07-10 18:40:28.979 evaluating: 111 / 500
07-10 18:40:29.435 evaluating: 112 / 500
07-10 18:40:29.899 evaluating: 113 / 500
07-10 18:40:30.357 evaluating: 114 / 500
07-10 18:40:30.810 evaluating: 115 / 500
07-10 18:40:31.260 evaluating: 116 / 500
07-10 18:40:31.717 evaluating: 117 / 500
07-10 18:40:32.169 evaluating: 118 / 500
07-10 18:40:32.634 evaluating: 119 / 500
07-10 18:40:33.090 evaluating: 120 / 500
07-10 18:40:33.546 evaluating: 121 / 500
07-10 18:40:33.999 evaluating: 122 / 500
07-10 18:40:34.458 evaluating: 123 / 500
07-10 18:40:34.912 evaluating: 124 / 500
07-10 18:40:35.350 evaluating: 125 / 500
07-10 18:40:35.797 evaluating: 126 / 500
07-10 18:40:36.253 evaluating: 127 / 500
07-10 18:40:36.700 evaluating: 128 / 500
07-10 18:40:37.152 evaluating: 129 / 500
07-10 18:40:37.601 evaluating: 130 / 500
